TN:
SF:packages/cli/src/auto-spawn.ts
FN:1,(empty-report)
FNF:1
FNH:0
FNDA:0,(empty-report)
DA:1,0
DA:8,0
DA:10,0
DA:11,0
DA:12,0
DA:14,0
DA:15,0
DA:16,0
DA:17,0
DA:18,0
DA:19,0
DA:20,0
DA:22,0
DA:23,0
DA:24,0
DA:25,0
DA:26,0
DA:27,0
DA:28,0
LF:19
LH:0
BRDA:1,0,0,0
BRF:1
BRH:0
end_of_record
TN:
SF:packages/cli/src/bin.ts
FN:1,(empty-report)
FNF:1
FNH:0
FNDA:0,(empty-report)
DA:1,0
DA:2,0
DA:3,0
DA:4,0
DA:6,0
DA:7,0
DA:9,0
DA:11,0
DA:12,0
DA:13,0
DA:14,0
LF:11
LH:0
BRDA:1,0,0,0
BRF:1
BRH:0
end_of_record
TN:
SF:packages/cli/src/daemon-entry.ts
FN:1,(empty-report)
FNF:1
FNH:0
FNDA:0,(empty-report)
DA:1,0
DA:2,0
DA:3,0
LF:3
LH:0
BRDA:1,0,0,0
BRF:1
BRH:0
end_of_record
TN:
SF:packages/cli/src/index.ts
FN:1,(empty-report)
FNF:1
FNH:0
FNDA:0,(empty-report)
DA:1,0
DA:2,0
DA:3,0
DA:4,0
LF:4
LH:0
BRDA:1,0,0,0
BRF:1
BRH:0
end_of_record
TN:
SF:packages/cli/src/registry.ts
FN:1,(empty-report)
FNF:1
FNH:1
FNDA:1,(empty-report)
DA:3,0
DA:5,0
DA:6,0
DA:7,0
DA:9,0
DA:10,0
DA:11,0
DA:13,0
DA:14,0
DA:15,0
LF:10
LH:0
BRDA:1,0,0,1
BRF:1
BRH:1
end_of_record
TN:
SF:packages/cli/src/rpc-client.ts
FN:1,(empty-report)
FNF:1
FNH:0
FNDA:0,(empty-report)
DA:1,0
DA:4,0
DA:5,0
DA:6,0
DA:7,0
DA:8,0
DA:10,0
DA:11,0
DA:12,0
DA:13,0
DA:14,0
DA:15,0
DA:16,0
DA:17,0
DA:18,0
DA:19,0
DA:20,0
DA:21,0
DA:22,0
DA:24,0
DA:25,0
DA:26,0
DA:27,0
DA:28,0
DA:29,0
DA:30,0
DA:31,0
DA:32,0
DA:33,0
DA:34,0
DA:35,0
DA:36,0
DA:38,0
DA:39,0
DA:40,0
DA:41,0
DA:42,0
DA:43,0
DA:44,0
DA:45,0
DA:46,0
DA:48,0
DA:49,0
LF:43
LH:0
BRDA:1,0,0,0
BRF:1
BRH:0
end_of_record
TN:
SF:packages/cli/src/commands/attach.ts
FN:1,(empty-report)
FNF:1
FNH:0
FNDA:0,(empty-report)
DA:1,0
DA:7,0
DA:8,0
DA:9,0
DA:10,0
DA:11,0
DA:12,0
DA:13,0
DA:14,0
DA:15,0
DA:16,0
DA:17,0
DA:18,0
DA:20,0
LF:14
LH:0
BRDA:1,0,0,0
BRF:1
BRH:0
end_of_record
TN:
SF:packages/cli/src/commands/chat.ts
FN:1,(empty-report)
FNF:1
FNH:0
FNDA:0,(empty-report)
DA:1,0
DA:7,0
DA:8,0
DA:9,0
DA:10,0
DA:11,0
DA:12,0
DA:13,0
DA:14,0
DA:15,0
DA:16,0
DA:17,0
DA:18,0
DA:19,0
DA:20,0
DA:21,0
DA:22,0
DA:23,0
DA:24,0
DA:25,0
DA:26,0
DA:27,0
DA:28,0
DA:29,0
DA:30,0
DA:32,0
LF:26
LH:0
BRDA:1,0,0,0
BRF:1
BRH:0
end_of_record
TN:
SF:packages/cli/src/commands/daemon.ts
FN:1,(empty-report)
FNF:1
FNH:0
FNDA:0,(empty-report)
DA:1,0
DA:9,0
DA:10,0
DA:12,0
DA:13,0
DA:14,0
DA:15,0
DA:17,0
DA:18,0
DA:19,0
DA:20,0
DA:21,0
DA:22,0
DA:23,0
DA:24,0
DA:25,0
DA:27,0
DA:28,0
DA:29,0
DA:30,0
DA:31,0
DA:32,0
DA:33,0
DA:34,0
DA:36,0
DA:37,0
DA:38,0
DA:39,0
DA:40,0
DA:41,0
DA:42,0
DA:43,0
DA:44,0
DA:45,0
DA:46,0
DA:47,0
DA:49,0
LF:37
LH:0
BRDA:1,0,0,0
BRF:1
BRH:0
end_of_record
TN:
SF:packages/cli/src/commands/doctor.ts
FN:1,(empty-report)
FNF:1
FNH:0
FNDA:0,(empty-report)
DA:1,0
DA:11,0
DA:12,0
DA:13,0
DA:14,0
DA:15,0
DA:16,0
DA:17,0
DA:18,0
DA:19,0
DA:20,0
DA:22,0
DA:23,0
DA:24,0
DA:26,0
DA:27,0
DA:28,0
DA:29,0
DA:30,0
DA:31,0
DA:32,0
DA:33,0
DA:34,0
DA:35,0
DA:36,0
DA:37,0
DA:39,0
DA:40,0
DA:42,0
DA:43,0
DA:44,0
DA:45,0
DA:46,0
DA:47,0
DA:48,0
DA:49,0
DA:50,0
DA:51,0
DA:52,0
DA:54,0
LF:40
LH:0
BRDA:1,0,0,0
BRF:1
BRH:0
end_of_record
TN:
SF:packages/cli/src/commands/index.ts
FN:1,(empty-report)
FNF:1
FNH:0
FNDA:0,(empty-report)
DA:1,0
DA:2,0
DA:3,0
DA:4,0
DA:5,0
LF:5
LH:0
BRDA:1,0,0,0
BRF:1
BRH:0
end_of_record
TN:
SF:packages/cli/src/commands/sessions.ts
FN:1,(empty-report)
FNF:1
FNH:0
FNDA:0,(empty-report)
DA:1,0
DA:12,0
DA:13,0
DA:14,0
DA:15,0
DA:16,0
DA:17,0
DA:18,0
DA:19,0
DA:20,0
DA:21,0
DA:22,0
DA:23,0
DA:24,0
DA:25,0
DA:26,0
DA:27,0
DA:28,0
DA:30,0
LF:19
LH:0
BRDA:1,0,0,0
BRF:1
BRH:0
end_of_record
TN:
SF:packages/core/src/index.ts
FN:1,(empty-report)
FNF:1
FNH:0
FNDA:0,(empty-report)
DA:1,0
DA:2,0
DA:3,0
DA:4,0
LF:4
LH:0
BRDA:1,0,0,0
BRF:1
BRH:0
end_of_record
TN:
SF:packages/core/src/log.ts
FN:3,createLogger
FNF:1
FNH:1
FNDA:5,createLogger
DA:1,1
DA:3,1
DA:4,5
DA:5,5
DA:6,5
DA:7,5
DA:8,5
DA:9,5
DA:10,5
DA:11,0
DA:12,5
DA:13,5
DA:14,5
LF:13
LH:12
BRDA:3,0,0,5
BRDA:4,1,0,0
BRDA:4,2,0,0
BRDA:10,3,0,0
BRF:4
BRH:1
end_of_record
TN:
SF:packages/core/src/daemon/daemon.ts
FN:1,(empty-report)
FNF:1
FNH:0
FNDA:0,(empty-report)
DA:1,0
DA:17,0
DA:18,0
DA:19,0
DA:20,0
DA:21,0
DA:22,0
DA:23,0
DA:24,0
DA:26,0
DA:27,0
DA:28,0
DA:29,0
DA:31,0
DA:32,0
DA:33,0
DA:34,0
DA:35,0
DA:36,0
DA:37,0
DA:38,0
DA:39,0
DA:40,0
DA:41,0
DA:42,0
DA:43,0
DA:44,0
DA:46,0
DA:47,0
DA:48,0
DA:49,0
DA:50,0
DA:51,0
DA:52,0
DA:53,0
DA:54,0
DA:55,0
DA:56,0
DA:57,0
DA:58,0
DA:59,0
DA:61,0
DA:63,0
DA:64,0
DA:65,0
DA:66,0
DA:67,0
DA:69,0
DA:70,0
DA:71,0
DA:73,0
DA:74,0
DA:75,0
DA:77,0
DA:78,0
DA:79,0
DA:80,0
DA:81,0
DA:82,0
DA:83,0
DA:84,0
DA:85,0
LF:62
LH:0
BRDA:1,0,0,0
BRF:1
BRH:0
end_of_record
TN:
SF:packages/core/src/daemon/index.ts
FN:1,(empty-report)
FNF:1
FNH:0
FNDA:0,(empty-report)
DA:1,0
LF:1
LH:0
BRDA:1,0,0,0
BRF:1
BRH:0
end_of_record
TN:
SF:packages/core/src/daemon/loader-hub.ts
FN:6,<instance_members_initializer>
FN:8,registerSubsystem
FN:12,runAll
FN:19,reset
FNF:4
FNH:4
FNDA:1,<instance_members_initializer>
FNDA:4,registerSubsystem
FNDA:3,runAll
FNDA:6,reset
DA:5,1
DA:6,1
DA:8,1
DA:9,4
DA:10,4
DA:12,1
DA:13,3
DA:14,3
DA:15,1
DA:16,3
DA:17,3
DA:19,1
DA:20,1
DA:22,1
LF:14
LH:14
BRDA:6,0,0,1
BRDA:8,1,0,4
BRDA:12,2,0,3
BRDA:14,3,0,2
BRDA:14,4,0,1
BRDA:16,5,0,2
BRDA:19,6,0,6
BRF:7
BRH:7
end_of_record
TN:
SF:packages/core/src/daemon/pid.ts
FN:4,writePid
FN:9,readPid
FN:16,removePid
FN:20,isPidAlive
FNF:4
FNH:4
FNDA:1,writePid
FNDA:3,readPid
FNDA:1,removePid
FNDA:2,isPidAlive
DA:1,1
DA:4,1
DA:5,1
DA:6,1
DA:7,1
DA:9,1
DA:10,3
DA:11,2
DA:12,2
DA:13,3
DA:14,3
DA:16,1
DA:17,1
DA:18,1
DA:20,1
DA:21,2
DA:22,2
LF:17
LH:17
BRDA:4,0,0,1
BRDA:9,1,0,3
BRDA:10,2,0,1
BRDA:10,3,0,2
BRDA:13,4,0,1
BRDA:13,5,0,1
BRDA:13,6,0,1
BRDA:16,7,0,1
BRDA:20,8,0,2
BRDA:21,9,0,1
BRF:10
BRH:10
end_of_record
TN:
SF:packages/core/src/daemon/socket.ts
FN:1,(empty-report)
FNF:1
FNH:0
FNDA:0,(empty-report)
DA:1,0
DA:11,0
DA:12,0
DA:13,0
DA:14,0
DA:15,0
DA:16,0
DA:17,0
DA:18,0
DA:19,0
DA:20,0
DA:21,0
DA:22,0
DA:23,0
DA:24,0
DA:25,0
DA:27,0
DA:28,0
DA:29,0
DA:30,0
DA:31,0
DA:32,0
DA:33,0
DA:34,0
LF:24
LH:0
BRDA:1,0,0,0
BRF:1
BRH:0
end_of_record
TN:
SF:packages/core/src/rpc/index.ts
FN:1,(empty-report)
FNF:1
FNH:0
FNDA:0,(empty-report)
DA:1,0
LF:1
LH:0
BRDA:1,0,0,0
BRF:1
BRH:0
end_of_record
TN:
SF:packages/core/src/rpc/protocol.ts
FNF:0
FNH:0
DA:11,1
DA:12,1
DA:13,1
DA:14,1
DA:15,1
DA:16,1
DA:17,1
LF:7
LH:7
BRF:0
BRH:0
end_of_record
TN:
SF:packages/core/src/rpc/server.ts
FN:6,framesFromChunk
FN:15,RpcServer
FN:15,<instance_members_initializer>
FN:17,on
FN:19,attach
FN:30,handleFrame
FN:51,send
FNF:7
FNH:7
FNDA:8,framesFromChunk
FNDA:5,RpcServer
FNDA:5,<instance_members_initializer>
FNDA:2,on
FNDA:5,attach
FNDA:5,handleFrame
FNDA:5,send
DA:1,1
DA:6,1
DA:7,8
DA:8,8
DA:9,8
DA:10,8
DA:11,8
DA:13,1
DA:14,1
DA:15,1
DA:17,1
DA:19,1
DA:20,5
DA:21,5
DA:22,5
DA:23,5
DA:24,5
DA:25,5
DA:26,5
DA:27,5
DA:28,5
DA:30,1
DA:31,5
DA:32,5
DA:33,1
DA:34,1
DA:35,5
DA:36,1
DA:37,1
DA:38,3
DA:39,5
DA:40,1
DA:41,1
DA:42,2
DA:43,2
DA:44,1
DA:45,1
DA:46,1
DA:47,1
DA:48,1
DA:49,5
DA:51,1
DA:52,5
DA:53,5
DA:54,1
LF:45
LH:45
BRDA:6,0,0,8
BRDA:9,1,0,0
BRDA:15,2,0,5
BRDA:15,3,0,5
BRDA:17,4,0,2
BRDA:19,5,0,5
BRDA:22,6,0,5
BRDA:30,7,0,5
BRDA:32,8,0,1
BRDA:34,9,0,4
BRDA:35,10,0,3
BRDA:35,11,0,1
BRDA:36,12,0,0
BRDA:37,13,0,3
BRDA:39,14,0,1
BRDA:41,15,0,2
BRDA:43,16,0,1
BRDA:51,17,0,5
BRF:18
BRH:16
end_of_record
TN:
SF:packages/core/src/rpc/methods/chat.ts
FN:7,messageSendStub
FNF:1
FNH:1
FNDA:4,messageSendStub
DA:1,1
DA:5,1
DA:7,1
DA:8,4
DA:9,4
DA:10,1
DA:11,1
DA:12,1
DA:13,1
DA:14,1
DA:15,1
DA:16,1
DA:17,1
LF:13
LH:13
BRDA:7,0,0,4
BRDA:9,1,0,3
BRDA:9,2,0,1
BRF:3
BRH:3
end_of_record
TN:
SF:packages/core/src/rpc/methods/ping.ts
FN:2,pingHandler
FNF:1
FNH:1
FNDA:1,pingHandler
DA:2,1
LF:1
LH:1
BRDA:2,0,0,1
BRF:1
BRH:1
end_of_record
TN:
SF:packages/core/src/rpc/methods/session.ts
FN:10,makeSessionHandlers
FN:12,session.create
FN:18,session.get
FN:23,session.list
FN:28,session.touch
FN:34,session.markInactive
FNF:6
FNH:6
FNDA:9,makeSessionHandlers
FNDA:9,session.create
FNDA:3,session.get
FNDA:2,session.list
FNDA:1,session.touch
FNDA:2,session.markInactive
DA:1,1
DA:6,1
DA:7,1
DA:8,1
DA:10,1
DA:11,9
DA:12,9
DA:13,9
DA:14,9
DA:15,9
DA:16,9
DA:17,9
DA:18,9
DA:19,3
DA:20,3
DA:21,2
DA:22,3
DA:23,9
DA:24,2
DA:25,2
DA:26,2
DA:27,2
DA:28,9
DA:29,1
DA:30,1
DA:31,1
DA:32,1
DA:33,1
DA:34,9
DA:35,2
DA:36,2
DA:37,2
DA:38,2
DA:39,2
DA:40,9
DA:41,9
LF:36
LH:36
BRDA:10,0,0,9
BRDA:12,1,0,9
BRDA:14,2,0,1
BRDA:14,3,0,8
BRDA:15,4,0,1
BRDA:18,5,0,3
BRDA:20,6,0,1
BRDA:20,7,0,2
BRDA:23,8,0,2
BRDA:25,9,0,0
BRDA:26,10,0,0
BRDA:28,11,0,1
BRDA:30,12,0,0
BRDA:34,13,0,2
BRDA:36,14,0,0
BRF:15
BRH:11
end_of_record
TN:
SF:packages/core/src/storage/db.ts
FN:5,openDb
FNF:1
FNH:1
FNDA:18,openDb
DA:1,1
DA:5,1
DA:6,18
DA:7,18
DA:8,18
DA:9,18
DA:10,18
DA:11,18
DA:12,18
DA:13,18
LF:10
LH:10
BRDA:5,0,0,18
BRF:1
BRH:1
end_of_record
TN:
SF:packages/core/src/storage/index.ts
FNF:0
FNH:0
DA:1,1
DA:2,1
DA:3,1
LF:3
LH:3
BRF:0
BRH:0
end_of_record
TN:
SF:packages/core/src/storage/migrations.ts
FN:8,currentSchemaVersion
FN:16,runMigrations
FNF:2
FNH:2
FNDA:17,currentSchemaVersion
FNDA:17,runMigrations
DA:1,1
DA:6,1
DA:8,17
DA:9,17
DA:10,17
DA:11,17
DA:12,16
DA:13,17
DA:14,17
DA:16,1
DA:17,17
DA:18,17
DA:19,17
DA:20,17
DA:21,17
DA:22,17
DA:24,17
DA:25,16
DA:26,16
DA:27,16
DA:28,16
DA:29,16
DA:30,16
DA:32,17
DA:33,17
DA:34,16
DA:35,16
DA:36,16
DA:37,16
DA:38,16
DA:39,16
DA:40,16
DA:41,16
DA:42,16
DA:43,0
DA:44,0
DA:45,0
DA:46,16
DA:47,17
DA:48,17
LF:40
LH:37
BRDA:8,0,0,17
BRDA:11,1,0,1
BRDA:11,2,0,16
BRDA:16,3,0,17
BRDA:24,4,0,16
BRDA:33,5,0,16
BRDA:42,6,0,0
BRDA:18,7,0,17
BRDA:19,8,0,17
BRF:9
BRH:8
end_of_record
TN:
SF:packages/core/src/storage/session-repo.ts
FN:21,SessionRepo
FN:23,create
FN:34,get
FN:40,list
FN:47,touch
FN:51,markInactive
FN:56,rowToSession
FNF:7
FNH:7
FNDA:13,SessionRepo
FNDA:13,create
FNDA:6,get
FNDA:3,list
FNDA:2,touch
FNDA:3,markInactive
FNDA:10,rowToSession
DA:1,1
DA:20,1
DA:21,1
DA:23,1
DA:24,13
DA:25,13
DA:26,13
DA:29,13
DA:30,13
DA:31,13
DA:32,13
DA:34,1
DA:35,6
DA:36,6
DA:37,6
DA:38,6
DA:40,1
DA:41,3
DA:42,3
DA:43,3
DA:44,3
DA:45,3
DA:47,1
DA:48,2
DA:49,2
DA:51,1
DA:52,3
DA:53,3
DA:54,1
DA:56,10
DA:57,10
DA:58,10
DA:59,10
DA:60,10
DA:61,10
DA:62,10
DA:63,10
DA:64,10
DA:65,10
DA:66,10
LF:40
LH:40
BRDA:21,0,0,13
BRDA:23,1,0,13
BRDA:29,2,0,11
BRDA:31,3,0,11
BRDA:34,4,0,6
BRDA:36,5,0,0
BRDA:40,6,0,3
BRDA:41,7,0,1
BRDA:41,8,0,2
BRDA:42,9,0,1
BRDA:47,10,0,2
BRDA:51,11,0,3
BRDA:56,12,0,10
BRDA:63,13,0,9
BRF:14
BRH:13
end_of_record
TN:
SF:packages/shared/src/index.ts
FN:1,(empty-report)
FNF:1
FNH:0
FNDA:0,(empty-report)
DA:1,0
DA:2,0
DA:3,0
LF:3
LH:0
BRDA:1,0,0,0
BRF:1
BRH:0
end_of_record
TN:
SF:packages/shared/src/paths.ts
FN:20,resolvePaths
FNF:1
FNH:1
FNDA:2,resolvePaths
DA:1,1
DA:20,1
DA:21,2
DA:22,2
DA:23,2
DA:24,2
DA:25,2
DA:26,2
DA:27,2
DA:28,2
DA:29,2
DA:30,2
DA:31,2
DA:32,2
DA:33,2
DA:34,2
LF:16
LH:16
BRDA:20,0,0,2
BRDA:21,1,0,0
BRDA:22,2,0,0
BRDA:23,3,0,1
BRF:4
BRH:2
end_of_record
TN:
SF:packages/shared/src/types.ts
FN:1,(empty-report)
FNF:1
FNH:1
FNDA:1,(empty-report)
LF:0
LH:0
BRDA:1,0,0,1
BRF:1
BRH:1
end_of_record
TN:
SF:packages/shared/src/ulid.ts
FN:1,(empty-report)
FNF:1
FNH:0
FNDA:0,(empty-report)
DA:1,0
DA:2,0
DA:3,0
LF:3
LH:0
BRDA:1,0,0,0
BRF:1
BRH:0
end_of_record
